Arguments: 
  C:\Program Files\nodejs\node.exe C:\Program Files\nodejs\node_modules\yarn\bin\yarn.js install

PATH: 
  C:\Users\sars\bin;C:\Program Files\Git\mingw64\bin;C:\Program Files\Git\usr\local\bin;C:\Program Files\Git\usr\bin;C:\Program Files\Git\usr\bin;C:\Program Files\Git\mingw64\bin;C:\Program Files\Git\usr\bin;C:\Users\sars\bin;C:\WINDOWS\system32;C:\WINDOWS;C:\WINDOWS\System32\Wbem;C:\WINDOWS\System32\WindowsPowerShell\v1.0;C:\WINDOWS\System32\OpenSSH;C:\Users\sars\AppData\Roaming\nvm;C:\Program Files\nodejs;C:\Program Files\nodejs;C:\Program Files\Git\cmd;C:\Python27;C:\Python27\python.exe;C:\Program Files\Docker\Docker\resources\bin;C:\Users\sars\AppData\Local\Programs\Python\Launcher;C:\Users\sars\AppData\Local\Microsoft\WindowsApps;C:\Users\sars\AppData\Local\Programs\Microsoft VS Code\bin;C:\Users\sars\AppData\Roaming\npm;C:\Users\sars\AppData\Roaming\nvm;C:\Program Files\nodejs;C:\Program Files\Git\usr\bin\vendor_perl;C:\Program Files\Git\usr\bin\core_perl

Yarn version: 
  1.22.19

Node version: 
  14.21.3

Platform: 
  win32 x64

Trace: 
  Error: EPERM: operation not permitted, unlink 'D:\c21\Ai_image_generator .env olan\Ai_server\node_modules\bcrypt\lib\binding\napi-v3\bcrypt_lib.node'

npm manifest: 
  {
    "name": "server",
    "version": "1.0.0",
    "description": "",
    "main": "server.js",
    "scripts": {
      "test": "echo \"Error: no test specified\" && exit 1",
      "start": "nodemon"
    },
    "author": "",
    "license": "ISC",
    "dependencies": {
      "axios": "^1.4.0",
      "bcrypt": "^5.1.0",
      "cloudinary": "^1.41.0",
      "dotenv": "^16.3.1",
      "express": "^4.18.2",
      "express-validator": "^7.0.1",
      "jsonwebtoken": "^9.0.1",
      "mongoose": "^7.4.0"
    },
    "devDependencies": {
      "nodemon": "^2.0.22"
    }
  }

yarn manifest: 
  No manifest

Lockfile: 
  No lockfile
